-------------------------------------------------------------------------------
Test set: com.example.demo.TestApplicationTests
-------------------------------------------------------------------------------
Tests run: 1, Failures: 0, Errors: 1, Skipped: 0, Time elapsed: 0.691 s <<< FAILURE! - in com.example.demo.TestApplicationTests
com.example.demo.TestApplicationTests  Time elapsed: 0.682 s  <<< ERROR!
java.lang.IllegalStateException: Unable to find a @SpringBootConfiguration, you need to use @ContextConfiguration or @SpringBootTest(classes=...) with your test

